{"/Users/vimohan/work/node/batch3/eCommerce/configs/db.config.js": {"path":"/Users/vimohan/work/node/batch3/eCommerce/configs/db.config.js","statementMap":{"0":{"start":{"line":5,"column":0},"end":{"line":17,"column":1}}},"fnMap":{},"branchMap":{},"s":{"0":2},"f":{},"b":{},"_coverageSchema":"1a1c01bbd47fc00a2c39e90264f33305004495a9","hash":"d7fe43053e9c20b7fabed65ac7879f8b1a5607c4"}
,"/Users/vimohan/work/node/batch3/eCommerce/configs/secret.config.js": {"path":"/Users/vimohan/work/node/batch3/eCommerce/configs/secret.config.js","statementMap":{"0":{"start":{"line":1,"column":0},"end":{"line":3,"column":1}}},"fnMap":{},"branchMap":{},"s":{"0":1},"f":{},"b":{},"_coverageSchema":"1a1c01bbd47fc00a2c39e90264f33305004495a9","hash":"840c7b7fe44a2cf5f27bdf79e72ebf01decac72b"}
,"/Users/vimohan/work/node/batch3/eCommerce/controllers/auth.controller.js": {"path":"/Users/vimohan/work/node/batch3/eCommerce/controllers/auth.controller.js","statementMap":{"0":{"start":{"line":5,"column":15},"end":{"line":5,"column":34}},"1":{"start":{"line":6,"column":17},"end":{"line":6,"column":37}},"2":{"start":{"line":8,"column":11},"end":{"line":8,"column":31}},"3":{"start":{"line":10,"column":13},"end":{"line":10,"column":20}},"4":{"start":{"line":11,"column":13},"end":{"line":11,"column":20}},"5":{"start":{"line":13,"column":11},"end":{"line":13,"column":26}},"6":{"start":{"line":15,"column":12},"end":{"line":15,"column":35}},"7":{"start":{"line":17,"column":18},"end":{"line":17,"column":53}},"8":{"start":{"line":22,"column":0},"end":{"line":78,"column":1}},"9":{"start":{"line":25,"column":4},"end":{"line":25,"column":35}},"10":{"start":{"line":26,"column":4},"end":{"line":26,"column":26}},"11":{"start":{"line":27,"column":4},"end":{"line":27,"column":35}},"12":{"start":{"line":28,"column":20},"end":{"line":32,"column":5}},"13":{"start":{"line":35,"column":4},"end":{"line":75,"column":6}},"14":{"start":{"line":36,"column":8},"end":{"line":36,"column":36}},"15":{"start":{"line":39,"column":8},"end":{"line":69,"column":9}},"16":{"start":{"line":43,"column":12},"end":{"line":60,"column":14}},"17":{"start":{"line":51,"column":16},"end":{"line":51,"column":44}},"18":{"start":{"line":53,"column":16},"end":{"line":58,"column":18}},"19":{"start":{"line":54,"column":20},"end":{"line":54,"column":58}},"20":{"start":{"line":55,"column":20},"end":{"line":57,"column":22}},"21":{"start":{"line":62,"column":11},"end":{"line":67,"column":13}},"22":{"start":{"line":63,"column":12},"end":{"line":63,"column":50}},"23":{"start":{"line":64,"column":12},"end":{"line":66,"column":14}},"24":{"start":{"line":71,"column":8},"end":{"line":71,"column":62}},"25":{"start":{"line":72,"column":8},"end":{"line":74,"column":10}},"26":{"start":{"line":86,"column":0},"end":{"line":146,"column":1}},"27":{"start":{"line":89,"column":4},"end":{"line":145,"column":6}},"28":{"start":{"line":94,"column":8},"end":{"line":99,"column":9}},"29":{"start":{"line":95,"column":12},"end":{"line":97,"column":14}},"30":{"start":{"line":98,"column":12},"end":{"line":98,"column":19}},"31":{"start":{"line":102,"column":30},"end":{"line":105,"column":9}},"32":{"start":{"line":107,"column":8},"end":{"line":111,"column":9}},"33":{"start":{"line":108,"column":12},"end":{"line":110,"column":14}},"34":{"start":{"line":116,"column":20},"end":{"line":118,"column":10}},"35":{"start":{"line":123,"column":26},"end":{"line":123,"column":28}},"36":{"start":{"line":124,"column":8},"end":{"line":137,"column":11}},"37":{"start":{"line":126,"column":12},"end":{"line":128,"column":13}},"38":{"start":{"line":127,"column":16},"end":{"line":127,"column":70}},"39":{"start":{"line":129,"column":12},"end":{"line":135,"column":15}},"40":{"start":{"line":142,"column":8},"end":{"line":144,"column":10}}},"fnMap":{"0":{"name":"(anonymous_0)","decl":{"start":{"line":22,"column":17},"end":{"line":22,"column":18}},"loc":{"start":{"line":22,"column":31},"end":{"line":78,"column":1}},"line":22},"1":{"name":"(anonymous_1)","decl":{"start":{"line":35,"column":30},"end":{"line":35,"column":31}},"loc":{"start":{"line":35,"column":38},"end":{"line":70,"column":5}},"line":35},"2":{"name":"(anonymous_2)","decl":{"start":{"line":50,"column":20},"end":{"line":50,"column":21}},"loc":{"start":{"line":50,"column":29},"end":{"line":60,"column":13}},"line":50},"3":{"name":"(anonymous_3)","decl":{"start":{"line":53,"column":42},"end":{"line":53,"column":43}},"loc":{"start":{"line":53,"column":48},"end":{"line":58,"column":17}},"line":53},"4":{"name":"(anonymous_4)","decl":{"start":{"line":62,"column":35},"end":{"line":62,"column":36}},"loc":{"start":{"line":62,"column":39},"end":{"line":67,"column":12}},"line":62},"5":{"name":"(anonymous_5)","decl":{"start":{"line":70,"column":13},"end":{"line":70,"column":14}},"loc":{"start":{"line":70,"column":18},"end":{"line":75,"column":5}},"line":70},"6":{"name":"(anonymous_6)","decl":{"start":{"line":86,"column":17},"end":{"line":86,"column":18}},"loc":{"start":{"line":86,"column":28},"end":{"line":146,"column":1}},"line":86},"7":{"name":"(anonymous_7)","decl":{"start":{"line":93,"column":12},"end":{"line":93,"column":13}},"loc":{"start":{"line":93,"column":19},"end":{"line":141,"column":5}},"line":93},"8":{"name":"(anonymous_8)","decl":{"start":{"line":124,"column":29},"end":{"line":124,"column":30}},"loc":{"start":{"line":124,"column":36},"end":{"line":137,"column":9}},"line":124},"9":{"name":"(anonymous_9)","decl":{"start":{"line":141,"column":13},"end":{"line":141,"column":14}},"loc":{"start":{"line":141,"column":18},"end":{"line":145,"column":5}},"line":141}},"branchMap":{"0":{"loc":{"start":{"line":39,"column":8},"end":{"line":69,"column":9}},"type":"if","locations":[{"start":{"line":39,"column":8},"end":{"line":69,"column":9}},{"start":{"line":61,"column":15},"end":{"line":69,"column":9}}],"line":39},"1":{"loc":{"start":{"line":94,"column":8},"end":{"line":99,"column":9}},"type":"if","locations":[{"start":{"line":94,"column":8},"end":{"line":99,"column":9}},{"start":{},"end":{}}],"line":94},"2":{"loc":{"start":{"line":107,"column":8},"end":{"line":111,"column":9}},"type":"if","locations":[{"start":{"line":107,"column":8},"end":{"line":111,"column":9}},{"start":{},"end":{}}],"line":107}},"s":{"0":1,"1":1,"2":1,"3":1,"4":1,"5":1,"6":1,"7":1,"8":1,"9":1,"10":1,"11":1,"12":1,"13":1,"14":1,"15":1,"16":1,"17":1,"18":1,"19":1,"20":1,"21":0,"22":0,"23":0,"24":0,"25":0,"26":1,"27":0,"28":0,"29":0,"30":0,"31":0,"32":0,"33":0,"34":0,"35":0,"36":0,"37":0,"38":0,"39":0,"40":0},"f":{"0":1,"1":1,"2":1,"3":1,"4":0,"5":0,"6":0,"7":0,"8":0,"9":0},"b":{"0":[1,0],"1":[0,0],"2":[0,0]},"_coverageSchema":"1a1c01bbd47fc00a2c39e90264f33305004495a9","hash":"280ef37922d2a36b1142cb866b24c7bc38429c6b"}
,"/Users/vimohan/work/node/batch3/eCommerce/controllers/category.controller.js": {"path":"/Users/vimohan/work/node/batch3/eCommerce/controllers/category.controller.js","statementMap":{"0":{"start":{"line":12,"column":11},"end":{"line":12,"column":31}},"1":{"start":{"line":13,"column":17},"end":{"line":13,"column":28}},"2":{"start":{"line":15,"column":0},"end":{"line":36,"column":1}},"3":{"start":{"line":20,"column":21},"end":{"line":23,"column":5}},"4":{"start":{"line":26,"column":4},"end":{"line":34,"column":6}},"5":{"start":{"line":27,"column":8},"end":{"line":27,"column":82}},"6":{"start":{"line":28,"column":8},"end":{"line":28,"column":39}},"7":{"start":{"line":30,"column":8},"end":{"line":30,"column":114}},"8":{"start":{"line":31,"column":8},"end":{"line":33,"column":10}},"9":{"start":{"line":41,"column":0},"end":{"line":96,"column":1}},"10":{"start":{"line":59,"column":29},"end":{"line":59,"column":43}},"11":{"start":{"line":68,"column":8},"end":{"line":76,"column":9}},"12":{"start":{"line":69,"column":10},"end":{"line":73,"column":14}},"13":{"start":{"line":75,"column":10},"end":{"line":75,"column":40}},"14":{"start":{"line":78,"column":8},"end":{"line":84,"column":10}},"15":{"start":{"line":79,"column":12},"end":{"line":79,"column":45}},"16":{"start":{"line":81,"column":12},"end":{"line":83,"column":14}},"17":{"start":{"line":104,"column":0},"end":{"line":114,"column":1}},"18":{"start":{"line":105,"column":23},"end":{"line":105,"column":36}},"19":{"start":{"line":107,"column":4},"end":{"line":113,"column":6}},"20":{"start":{"line":108,"column":8},"end":{"line":108,"column":41}},"21":{"start":{"line":110,"column":8},"end":{"line":112,"column":10}},"22":{"start":{"line":124,"column":0},"end":{"line":162,"column":1}},"23":{"start":{"line":128,"column":22},"end":{"line":131,"column":5}},"24":{"start":{"line":135,"column":23},"end":{"line":135,"column":36}},"25":{"start":{"line":141,"column":4},"end":{"line":161,"column":6}},"26":{"start":{"line":145,"column":8},"end":{"line":145,"column":37}},"27":{"start":{"line":149,"column":8},"end":{"line":155,"column":10}},"28":{"start":{"line":150,"column":12},"end":{"line":150,"column":46}},"29":{"start":{"line":152,"column":12},"end":{"line":154,"column":14}},"30":{"start":{"line":158,"column":8},"end":{"line":160,"column":10}},"31":{"start":{"line":168,"column":0},"end":{"line":184,"column":1}},"32":{"start":{"line":169,"column":23},"end":{"line":169,"column":36}},"33":{"start":{"line":171,"column":4},"end":{"line":183,"column":6}},"34":{"start":{"line":176,"column":8},"end":{"line":178,"column":10}},"35":{"start":{"line":180,"column":8},"end":{"line":182,"column":10}}},"fnMap":{"0":{"name":"(anonymous_0)","decl":{"start":{"line":15,"column":17},"end":{"line":15,"column":18}},"loc":{"start":{"line":15,"column":29},"end":{"line":36,"column":1}},"line":15},"1":{"name":"(anonymous_1)","decl":{"start":{"line":26,"column":35},"end":{"line":26,"column":36}},"loc":{"start":{"line":26,"column":46},"end":{"line":29,"column":5}},"line":26},"2":{"name":"(anonymous_2)","decl":{"start":{"line":29,"column":13},"end":{"line":29,"column":14}},"loc":{"start":{"line":29,"column":19},"end":{"line":34,"column":5}},"line":29},"3":{"name":"(anonymous_3)","decl":{"start":{"line":41,"column":18},"end":{"line":41,"column":19}},"loc":{"start":{"line":41,"column":31},"end":{"line":96,"column":1}},"line":41},"4":{"name":"(anonymous_4)","decl":{"start":{"line":78,"column":21},"end":{"line":78,"column":22}},"loc":{"start":{"line":78,"column":34},"end":{"line":80,"column":9}},"line":78},"5":{"name":"(anonymous_5)","decl":{"start":{"line":80,"column":17},"end":{"line":80,"column":18}},"loc":{"start":{"line":80,"column":23},"end":{"line":84,"column":9}},"line":80},"6":{"name":"(anonymous_6)","decl":{"start":{"line":104,"column":18},"end":{"line":104,"column":19}},"loc":{"start":{"line":104,"column":29},"end":{"line":114,"column":1}},"line":104},"7":{"name":"(anonymous_7)","decl":{"start":{"line":107,"column":39},"end":{"line":107,"column":40}},"loc":{"start":{"line":107,"column":52},"end":{"line":109,"column":5}},"line":107},"8":{"name":"(anonymous_8)","decl":{"start":{"line":109,"column":13},"end":{"line":109,"column":14}},"loc":{"start":{"line":109,"column":18},"end":{"line":113,"column":5}},"line":109},"9":{"name":"(anonymous_9)","decl":{"start":{"line":124,"column":17},"end":{"line":124,"column":18}},"loc":{"start":{"line":124,"column":29},"end":{"line":162,"column":1}},"line":124},"10":{"name":"(anonymous_10)","decl":{"start":{"line":144,"column":12},"end":{"line":144,"column":13}},"loc":{"start":{"line":144,"column":30},"end":{"line":157,"column":5}},"line":144},"11":{"name":"(anonymous_11)","decl":{"start":{"line":149,"column":43},"end":{"line":149,"column":44}},"loc":{"start":{"line":149,"column":57},"end":{"line":151,"column":9}},"line":149},"12":{"name":"(anonymous_12)","decl":{"start":{"line":151,"column":17},"end":{"line":151,"column":18}},"loc":{"start":{"line":151,"column":24},"end":{"line":155,"column":9}},"line":151},"13":{"name":"(anonymous_13)","decl":{"start":{"line":157,"column":13},"end":{"line":157,"column":14}},"loc":{"start":{"line":157,"column":19},"end":{"line":161,"column":5}},"line":157},"14":{"name":"(anonymous_14)","decl":{"start":{"line":168,"column":17},"end":{"line":168,"column":18}},"loc":{"start":{"line":168,"column":29},"end":{"line":184,"column":1}},"line":168},"15":{"name":"(anonymous_15)","decl":{"start":{"line":175,"column":12},"end":{"line":175,"column":13}},"loc":{"start":{"line":175,"column":21},"end":{"line":179,"column":5}},"line":175},"16":{"name":"(anonymous_16)","decl":{"start":{"line":179,"column":13},"end":{"line":179,"column":14}},"loc":{"start":{"line":179,"column":18},"end":{"line":183,"column":5}},"line":179}},"branchMap":{"0":{"loc":{"start":{"line":68,"column":8},"end":{"line":76,"column":9}},"type":"if","locations":[{"start":{"line":68,"column":8},"end":{"line":76,"column":9}},{"start":{"line":74,"column":13},"end":{"line":76,"column":9}}],"line":68}},"s":{"0":1,"1":1,"2":1,"3":2,"4":2,"5":1,"6":1,"7":1,"8":1,"9":1,"10":2,"11":2,"12":2,"13":0,"14":2,"15":2,"16":0,"17":1,"18":0,"19":0,"20":0,"21":0,"22":1,"23":0,"24":0,"25":0,"26":0,"27":0,"28":0,"29":0,"30":0,"31":1,"32":0,"33":0,"34":0,"35":0},"f":{"0":2,"1":1,"2":1,"3":2,"4":2,"5":0,"6":0,"7":0,"8":0,"9":0,"10":0,"11":0,"12":0,"13":0,"14":0,"15":0,"16":0},"b":{"0":[2,0]},"_coverageSchema":"1a1c01bbd47fc00a2c39e90264f33305004495a9","hash":"0de9c79923f20018167cd5ce655cf29b814fee0c"}
,"/Users/vimohan/work/node/batch3/eCommerce/models/cart.model.js": {"path":"/Users/vimohan/work/node/batch3/eCommerce/models/cart.model.js","statementMap":{"0":{"start":{"line":5,"column":0},"end":{"line":17,"column":1}},"1":{"start":{"line":6,"column":17},"end":{"line":15,"column":6}},"2":{"start":{"line":16,"column":4},"end":{"line":16,"column":16}}},"fnMap":{"0":{"name":"(anonymous_0)","decl":{"start":{"line":5,"column":17},"end":{"line":5,"column":18}},"loc":{"start":{"line":5,"column":43},"end":{"line":17,"column":1}},"line":5}},"branchMap":{},"s":{"0":2,"1":2,"2":2},"f":{"0":2},"b":{},"_coverageSchema":"1a1c01bbd47fc00a2c39e90264f33305004495a9","hash":"0ffb42ea0fce40c02f2b7dac3050cf396bf26c0d"}
,"/Users/vimohan/work/node/batch3/eCommerce/models/category.model.js": {"path":"/Users/vimohan/work/node/batch3/eCommerce/models/category.model.js","statementMap":{"0":{"start":{"line":10,"column":0},"end":{"line":36,"column":1}},"1":{"start":{"line":12,"column":21},"end":{"line":32,"column":6}},"2":{"start":{"line":34,"column":4},"end":{"line":34,"column":20}}},"fnMap":{"0":{"name":"(anonymous_0)","decl":{"start":{"line":10,"column":17},"end":{"line":10,"column":18}},"loc":{"start":{"line":10,"column":42},"end":{"line":36,"column":1}},"line":10}},"branchMap":{},"s":{"0":2,"1":2,"2":2},"f":{"0":2},"b":{},"_coverageSchema":"1a1c01bbd47fc00a2c39e90264f33305004495a9","hash":"e090ed8791bdba364f8a6bf1391ee92787d6c13b"}
,"/Users/vimohan/work/node/batch3/eCommerce/models/index.js": {"path":"/Users/vimohan/work/node/batch3/eCommerce/models/index.js","statementMap":{"0":{"start":{"line":9,"column":18},"end":{"line":9,"column":38}},"1":{"start":{"line":10,"column":15},"end":{"line":10,"column":46}},"2":{"start":{"line":20,"column":18},"end":{"line":34,"column":1}},"3":{"start":{"line":39,"column":8},"end":{"line":39,"column":10}},"4":{"start":{"line":41,"column":0},"end":{"line":41,"column":25}},"5":{"start":{"line":42,"column":0},"end":{"line":42,"column":25}},"6":{"start":{"line":43,"column":0},"end":{"line":43,"column":65}},"7":{"start":{"line":44,"column":0},"end":{"line":44,"column":63}},"8":{"start":{"line":45,"column":0},"end":{"line":45,"column":57}},"9":{"start":{"line":46,"column":0},"end":{"line":46,"column":57}},"10":{"start":{"line":47,"column":0},"end":{"line":47,"column":57}},"11":{"start":{"line":53,"column":0},"end":{"line":58,"column":3}},"12":{"start":{"line":60,"column":0},"end":{"line":64,"column":2}},"13":{"start":{"line":72,"column":0},"end":{"line":72,"column":25}},"14":{"start":{"line":74,"column":0},"end":{"line":78,"column":3}},"15":{"start":{"line":80,"column":0},"end":{"line":84,"column":2}},"16":{"start":{"line":91,"column":0},"end":{"line":91,"column":33}},"17":{"start":{"line":94,"column":0},"end":{"line":94,"column":20}}},"fnMap":{},"branchMap":{},"s":{"0":2,"1":2,"2":2,"3":2,"4":2,"5":2,"6":2,"7":2,"8":2,"9":2,"10":2,"11":2,"12":2,"13":2,"14":2,"15":2,"16":2,"17":2},"f":{},"b":{},"_coverageSchema":"1a1c01bbd47fc00a2c39e90264f33305004495a9","hash":"ee67ba384dc58a90f17a7cea2233b0d9b8fa8744"}
,"/Users/vimohan/work/node/batch3/eCommerce/models/product.model.js": {"path":"/Users/vimohan/work/node/batch3/eCommerce/models/product.model.js","statementMap":{"0":{"start":{"line":15,"column":0},"end":{"line":37,"column":1}},"1":{"start":{"line":16,"column":20},"end":{"line":34,"column":6}},"2":{"start":{"line":35,"column":4},"end":{"line":35,"column":19}}},"fnMap":{"0":{"name":"(anonymous_0)","decl":{"start":{"line":15,"column":17},"end":{"line":15,"column":18}},"loc":{"start":{"line":15,"column":42},"end":{"line":37,"column":1}},"line":15}},"branchMap":{},"s":{"0":2,"1":2,"2":2},"f":{"0":2},"b":{},"_coverageSchema":"1a1c01bbd47fc00a2c39e90264f33305004495a9","hash":"53ba7227ef517a40e82417de97b8d4183fad5299"}
,"/Users/vimohan/work/node/batch3/eCommerce/models/role.model.js": {"path":"/Users/vimohan/work/node/batch3/eCommerce/models/role.model.js","statementMap":{"0":{"start":{"line":1,"column":0},"end":{"line":13,"column":1}},"1":{"start":{"line":2,"column":17},"end":{"line":10,"column":6}},"2":{"start":{"line":12,"column":4},"end":{"line":12,"column":16}}},"fnMap":{"0":{"name":"(anonymous_0)","decl":{"start":{"line":1,"column":17},"end":{"line":1,"column":18}},"loc":{"start":{"line":1,"column":43},"end":{"line":13,"column":1}},"line":1}},"branchMap":{},"s":{"0":2,"1":2,"2":2},"f":{"0":2},"b":{},"_coverageSchema":"1a1c01bbd47fc00a2c39e90264f33305004495a9","hash":"0d42f0fc6785e4b4794e11242124936f6aadc6dc"}
,"/Users/vimohan/work/node/batch3/eCommerce/models/user.model.js": {"path":"/Users/vimohan/work/node/batch3/eCommerce/models/user.model.js","statementMap":{"0":{"start":{"line":5,"column":0},"end":{"line":20,"column":1}},"1":{"start":{"line":7,"column":17},"end":{"line":17,"column":6}},"2":{"start":{"line":19,"column":4},"end":{"line":19,"column":17}}},"fnMap":{"0":{"name":"(anonymous_0)","decl":{"start":{"line":5,"column":17},"end":{"line":5,"column":18}},"loc":{"start":{"line":5,"column":44},"end":{"line":20,"column":1}},"line":5}},"branchMap":{},"s":{"0":2,"1":2,"2":2},"f":{"0":2},"b":{},"_coverageSchema":"1a1c01bbd47fc00a2c39e90264f33305004495a9","hash":"74cd3f910338020a643a4cf5b71a7cff784f35b7"}
,"/Users/vimohan/work/node/batch3/eCommerce/tests/unitTests/interceptor.js": {"path":"/Users/vimohan/work/node/batch3/eCommerce/tests/unitTests/interceptor.js","statementMap":{"0":{"start":{"line":9,"column":0},"end":{"line":38,"column":1}},"1":{"start":{"line":12,"column":20},"end":{"line":12,"column":22}},"2":{"start":{"line":18,"column":8},"end":{"line":18,"column":50}},"3":{"start":{"line":19,"column":8},"end":{"line":19,"column":52}},"4":{"start":{"line":20,"column":8},"end":{"line":20,"column":51}},"5":{"start":{"line":21,"column":8},"end":{"line":21,"column":19}},"6":{"start":{"line":29,"column":20},"end":{"line":29,"column":22}},"7":{"start":{"line":34,"column":8},"end":{"line":34,"column":52}},"8":{"start":{"line":35,"column":8},"end":{"line":35,"column":50}},"9":{"start":{"line":36,"column":8},"end":{"line":36,"column":19}}},"fnMap":{"0":{"name":"(anonymous_0)","decl":{"start":{"line":11,"column":18},"end":{"line":11,"column":19}},"loc":{"start":{"line":11,"column":23},"end":{"line":22,"column":5}},"line":11},"1":{"name":"(anonymous_1)","decl":{"start":{"line":28,"column":19},"end":{"line":28,"column":20}},"loc":{"start":{"line":28,"column":25},"end":{"line":37,"column":5}},"line":28}},"branchMap":{},"s":{"0":2,"1":5,"2":5,"3":5,"4":5,"5":5,"6":5,"7":5,"8":5,"9":5},"f":{"0":5,"1":5},"b":{},"_coverageSchema":"1a1c01bbd47fc00a2c39e90264f33305004495a9","hash":"c7559430f0fdd8dccdb24da88e214d8145d5f5cc"}
}
