TN:
SF:configs/db.config.js
FNF:0
FNH:0
DA:5,2
LF:1
LH:1
BRF:0
BRH:0
end_of_record
TN:
SF:configs/secret.config.js
FNF:0
FNH:0
DA:1,1
LF:1
LH:1
BRF:0
BRH:0
end_of_record
TN:
SF:controllers/auth.controller.js
FN:22,(anonymous_0)
FN:35,(anonymous_1)
FN:50,(anonymous_2)
FN:53,(anonymous_3)
FN:62,(anonymous_4)
FN:70,(anonymous_5)
FN:86,(anonymous_6)
FN:93,(anonymous_7)
FN:124,(anonymous_8)
FN:141,(anonymous_9)
FNF:10
FNH:4
FNDA:1,(anonymous_0)
FNDA:1,(anonymous_1)
FNDA:1,(anonymous_2)
FNDA:1,(anonymous_3)
FNDA:0,(anonymous_4)
FNDA:0,(anonymous_5)
FNDA:0,(anonymous_6)
FNDA:0,(anonymous_7)
FNDA:0,(anonymous_8)
FNDA:0,(anonymous_9)
DA:5,1
DA:6,1
DA:8,1
DA:10,1
DA:11,1
DA:13,1
DA:15,1
DA:17,1
DA:22,1
DA:25,1
DA:26,1
DA:27,1
DA:28,1
DA:35,1
DA:36,1
DA:39,1
DA:43,1
DA:51,1
DA:53,1
DA:54,1
DA:55,1
DA:62,0
DA:63,0
DA:64,0
DA:71,0
DA:72,0
DA:86,1
DA:89,0
DA:94,0
DA:95,0
DA:98,0
DA:102,0
DA:107,0
DA:108,0
DA:116,0
DA:123,0
DA:124,0
DA:126,0
DA:127,0
DA:129,0
DA:142,0
LF:41
LH:22
BRDA:39,0,0,1
BRDA:39,0,1,0
BRDA:94,1,0,0
BRDA:94,1,1,0
BRDA:107,2,0,0
BRDA:107,2,1,0
BRF:6
BRH:1
end_of_record
TN:
SF:controllers/category.controller.js
FN:15,(anonymous_0)
FN:26,(anonymous_1)
FN:29,(anonymous_2)
FN:41,(anonymous_3)
FN:78,(anonymous_4)
FN:80,(anonymous_5)
FN:104,(anonymous_6)
FN:107,(anonymous_7)
FN:109,(anonymous_8)
FN:124,(anonymous_9)
FN:144,(anonymous_10)
FN:149,(anonymous_11)
FN:151,(anonymous_12)
FN:157,(anonymous_13)
FN:168,(anonymous_14)
FN:175,(anonymous_15)
FN:179,(anonymous_16)
FNF:17
FNH:5
FNDA:2,(anonymous_0)
FNDA:1,(anonymous_1)
FNDA:1,(anonymous_2)
FNDA:2,(anonymous_3)
FNDA:2,(anonymous_4)
FNDA:0,(anonymous_5)
FNDA:0,(anonymous_6)
FNDA:0,(anonymous_7)
FNDA:0,(anonymous_8)
FNDA:0,(anonymous_9)
FNDA:0,(anonymous_10)
FNDA:0,(anonymous_11)
FNDA:0,(anonymous_12)
FNDA:0,(anonymous_13)
FNDA:0,(anonymous_14)
FNDA:0,(anonymous_15)
FNDA:0,(anonymous_16)
DA:12,1
DA:13,1
DA:15,1
DA:20,2
DA:26,2
DA:27,1
DA:28,1
DA:30,1
DA:31,1
DA:41,1
DA:59,2
DA:68,2
DA:69,2
DA:75,0
DA:78,2
DA:79,2
DA:81,0
DA:104,1
DA:105,0
DA:107,0
DA:108,0
DA:110,0
DA:124,1
DA:128,0
DA:135,0
DA:141,0
DA:145,0
DA:149,0
DA:150,0
DA:152,0
DA:158,0
DA:168,1
DA:169,0
DA:171,0
DA:176,0
DA:180,0
LF:36
LH:18
BRDA:68,0,0,2
BRDA:68,0,1,0
BRF:2
BRH:1
end_of_record
TN:
SF:models/cart.model.js
FN:5,(anonymous_0)
FNF:1
FNH:1
FNDA:2,(anonymous_0)
DA:5,2
DA:6,2
DA:16,2
LF:3
LH:3
BRF:0
BRH:0
end_of_record
TN:
SF:models/category.model.js
FN:10,(anonymous_0)
FNF:1
FNH:1
FNDA:2,(anonymous_0)
DA:10,2
DA:12,2
DA:34,2
LF:3
LH:3
BRF:0
BRH:0
end_of_record
TN:
SF:models/index.js
FNF:0
FNH:0
DA:9,2
DA:10,2
DA:20,2
DA:39,2
DA:41,2
DA:42,2
DA:43,2
DA:44,2
DA:45,2
DA:46,2
DA:47,2
DA:53,2
DA:60,2
DA:72,2
DA:74,2
DA:80,2
DA:91,2
DA:94,2
LF:18
LH:18
BRF:0
BRH:0
end_of_record
TN:
SF:models/product.model.js
FN:15,(anonymous_0)
FNF:1
FNH:1
FNDA:2,(anonymous_0)
DA:15,2
DA:16,2
DA:35,2
LF:3
LH:3
BRF:0
BRH:0
end_of_record
TN:
SF:models/role.model.js
FN:1,(anonymous_0)
FNF:1
FNH:1
FNDA:2,(anonymous_0)
DA:1,2
DA:2,2
DA:12,2
LF:3
LH:3
BRF:0
BRH:0
end_of_record
TN:
SF:models/user.model.js
FN:5,(anonymous_0)
FNF:1
FNH:1
FNDA:2,(anonymous_0)
DA:5,2
DA:7,2
DA:19,2
LF:3
LH:3
BRF:0
BRH:0
end_of_record
TN:
SF:tests/unitTests/interceptor.js
FN:11,(anonymous_0)
FN:28,(anonymous_1)
FNF:2
FNH:2
FNDA:5,(anonymous_0)
FNDA:5,(anonymous_1)
DA:9,2
DA:12,5
DA:18,5
DA:19,5
DA:20,5
DA:21,5
DA:29,5
DA:34,5
DA:35,5
DA:36,5
LF:10
LH:10
BRF:0
BRH:0
end_of_record
